# JRE version: Java(TM) SE Runtime Environment (8.0_191-b12) (build 1.8.0_191-b12)
# Java VM: Java HotSpot(TM) 64-Bit Server VM (25.191-b12 mixed mode windows-amd64 compressed oops)
Heap:
 PSYoungGen      total 149504K, used 72513K [0x00000000f5580000, 0x0000000100000000, 0x0000000100000000)
  eden space 126464K, 57% used [0x00000000f5580000,0x00000000f9c505d0,0x00000000fd100000)
  from space 23040K, 0% used [0x00000000fe980000,0x00000000fe980000,0x0000000100000000)
  to   space 24064K, 0% used [0x00000000fd100000,0x00000000fd100000,0x00000000fe880000)
 ParOldGen       total 245760K, used 37315K [0x00000000e0000000, 0x00000000ef000000, 0x00000000f5580000)
  object space 245760K, 15% used [0x00000000e0000000,0x00000000e2470ee0,0x00000000ef000000)
 Metaspace       used 60108K, capacity 62556K, committed 62848K, reserved 1103872K
  class space    used 8468K, capacity 9047K, committed 9088K, reserved 1048576K
GC Heap History (10 events):
Event: 20.282 GC heap before
{Heap before GC invocations=9 (full 2):
 PSYoungGen      total 107008K, used 93696K [0x00000000f5580000, 0x00000000fd180000, 0x0000000100000000)
  eden space 93696K, 100% used [0x00000000f5580000,0x00000000fb100000,0x00000000fb100000)
  from space 13312K, 0% used [0x00000000fbe80000,0x00000000fbe80000,0x00000000fcb80000)
  to   space 13824K, 0% used [0x00000000fb100000,0x00000000fb100000,0x00000000fbe80000)
 ParOldGen       total 187904K, used 17744K [0x00000000e0000000, 0x00000000eb780000, 0x00000000f5580000)
  object space 187904K, 9% used [0x00000000e0000000,0x00000000e11541a8,0x00000000eb780000)
 Metaspace       used 43199K, capacity 44454K, committed 44800K, reserved 1087488K
  class space    used 5975K, capacity 6316K, committed 6400K, reserved 1048576K
Event: 20.295 GC heap after
Heap after GC invocations=9 (full 2):
 PSYoungGen      total 107520K, used 12017K [0x00000000f5580000, 0x00000000ff400000, 0x0000000100000000)
  eden space 93696K, 0% used [0x00000000f5580000,0x00000000f5580000,0x00000000fb100000)
  from space 13824K, 86% used [0x00000000fb100000,0x00000000fbcbc578,0x00000000fbe80000)
  to   space 14848K, 0% used [0x00000000fe580000,0x00000000fe580000,0x00000000ff400000)
 ParOldGen       total 187904K, used 17752K [0x00000000e0000000, 0x00000000eb780000, 0x00000000f5580000)
  object space 187904K, 9% used [0x00000000e0000000,0x00000000e11561a8,0x00000000eb780000)
 Metaspace       used 43199K, capacity 44454K, committed 44800K, reserved 1087488K
  class space    used 5975K, capacity 6316K, committed 6400K, reserved 1048576K
}
Event: 25.584 GC heap before
{Heap before GC invocations=10 (full 2):
 PSYoungGen      total 107520K, used 105713K [0x00000000f5580000, 0x00000000ff400000, 0x0000000100000000)
  eden space 93696K, 100% used [0x00000000f5580000,0x00000000fb100000,0x00000000fb100000)
  from space 13824K, 86% used [0x00000000fb100000,0x00000000fbcbc578,0x00000000fbe80000)
  to   space 14848K, 0% used [0x00000000fe580000,0x00000000fe580000,0x00000000ff400000)
 ParOldGen       total 187904K, used 17752K [0x00000000e0000000, 0x00000000eb780000, 0x00000000f5580000)
  object space 187904K, 9% used [0x00000000e0000000,0x00000000e11561a8,0x00000000eb780000)
 Metaspace       used 47688K, capacity 49202K, committed 49280K, reserved 1091584K
  class space    used 6597K, capacity 7026K, committed 7040K, reserved 1048576K
Event: 25.608 GC heap after
Heap after GC invocations=10 (full 2):
 PSYoungGen      total 144896K, used 14846K [0x00000000f5580000, 0x00000000ff580000, 0x0000000100000000)
  eden space 130048K, 0% used [0x00000000f5580000,0x00000000f5580000,0x00000000fd480000)
  from space 14848K, 99% used [0x00000000fe580000,0x00000000ff3ffa68,0x00000000ff400000)
  to   space 16896K, 0% used [0x00000000fd480000,0x00000000fd480000,0x00000000fe500000)
 ParOldGen       total 187904K, used 18770K [0x00000000e0000000, 0x00000000eb780000, 0x00000000f5580000)
  object space 187904K, 9% used [0x00000000e0000000,0x00000000e12549c0,0x00000000eb780000)
 Metaspace       used 47688K, capacity 49202K, committed 49280K, reserved 1091584K
  class space    used 6597K, capacity 7026K, committed 7040K, reserved 1048576K
}
Event: 28.700 GC heap before
{Heap before GC invocations=11 (full 2):
 PSYoungGen      total 144896K, used 144894K [0x00000000f5580000, 0x00000000ff580000, 0x0000000100000000)
  eden space 130048K, 100% used [0x00000000f5580000,0x00000000fd480000,0x00000000fd480000)
  from space 14848K, 99% used [0x00000000fe580000,0x00000000ff3ffa68,0x00000000ff400000)
  to   space 16896K, 0% used [0x00000000fd480000,0x00000000fd480000,0x00000000fe500000)
 ParOldGen       total 187904K, used 18770K [0x00000000e0000000, 0x00000000eb780000, 0x00000000f5580000)
  object space 187904K, 9% used [0x00000000e0000000,0x00000000e12549c0,0x00000000eb780000)
 Metaspace       used 56493K, capacity 58784K, committed 59008K, reserved 1099776K
  class space    used 7884K, capacity 8457K, committed 8576K, reserved 1048576K
Event: 28.742 GC heap after
Heap after GC invocations=11 (full 2):
 PSYoungGen      total 146944K, used 16866K [0x00000000f5580000, 0x0000000100000000, 0x0000000100000000)
  eden space 130048K, 0% used [0x00000000f5580000,0x00000000f5580000,0x00000000fd480000)
  from space 16896K, 99% used [0x00000000fd480000,0x00000000fe4f8aa8,0x00000000fe500000)
  to   space 23040K, 0% used [0x00000000fe980000,0x00000000fe980000,0x0000000100000000)
 ParOldGen       total 187904K, used 29140K [0x00000000e0000000, 0x00000000eb780000, 0x00000000f5580000)
  object space 187904K, 15% used [0x00000000e0000000,0x00000000e1c75170,0x00000000eb780000)
 Metaspace       used 56493K, capacity 58784K, committed 59008K, reserved 1099776K
  class space    used 7884K, capacity 8457K, committed 8576K, reserved 1048576K
}
Event: 29.023 GC heap before
{Heap before GC invocations=12 (full 2):
 PSYoungGen      total 146944K, used 26880K [0x00000000f5580000, 0x0000000100000000, 0x0000000100000000)
  eden space 130048K, 7% used [0x00000000f5580000,0x00000000f5f47818,0x00000000fd480000)
  from space 16896K, 99% used [0x00000000fd480000,0x00000000fe4f8aa8,0x00000000fe500000)
  to   space 23040K, 0% used [0x00000000fe980000,0x00000000fe980000,0x0000000100000000)
 ParOldGen       total 187904K, used 29140K [0x00000000e0000000, 0x00000000eb780000, 0x00000000f5580000)
  object space 187904K, 15% used [0x00000000e0000000,0x00000000e1c75170,0x00000000eb780000)
 Metaspace       used 56748K, capacity 59076K, committed 59160K, reserved 1099776K
  class space    used 7916K, capacity 8505K, committed 8576K, reserved 1048576K
Event: 29.060 GC heap after
Heap after GC invocations=12 (full 2):
 PSYoungGen      total 149504K, used 18513K [0x00000000f5580000, 0x0000000100000000, 0x0000000100000000)
  eden space 126464K, 0% used [0x00000000f5580000,0x00000000f5580000,0x00000000fd100000)
  from space 23040K, 80% used [0x00000000fe980000,0x00000000ffb947e8,0x0000000100000000)
  to   space 24064K, 0% used [0x00000000fd100000,0x00000000fd100000,0x00000000fe880000)
 ParOldGen       total 187904K, used 29140K [0x00000000e0000000, 0x00000000eb780000, 0x00000000f5580000)
  object space 187904K, 15% used [0x00000000e0000000,0x00000000e1c75170,0x00000000eb780000)
 Metaspace       used 56748K, capacity 59076K, committed 59160K, reserved 1099776K
  class space    used 7916K, capacity 8505K, committed 8576K, reserved 1048576K
}
Event: 29.060 GC heap before
{Heap before GC invocations=13 (full 3):
 PSYoungGen      total 149504K, used 18513K [0x00000000f5580000, 0x0000000100000000, 0x0000000100000000)
  eden space 126464K, 0% used [0x00000000f5580000,0x00000000f5580000,0x00000000fd100000)
  from space 23040K, 80% used [0x00000000fe980000,0x00000000ffb947e8,0x0000000100000000)
  to   space 24064K, 0% used [0x00000000fd100000,0x00000000fd100000,0x00000000fe880000)
 ParOldGen       total 187904K, used 29140K [0x00000000e0000000, 0x00000000eb780000, 0x00000000f5580000)
  object space 187904K, 15% used [0x00000000e0000000,0x00000000e1c75170,0x00000000eb780000)
 Metaspace       used 56748K, capacity 59076K, committed 59160K, reserved 1099776K
  class space    used 7916K, capacity 8505K, committed 8576K, reserved 1048576K
Event: 29.439 GC heap after
Heap after GC invocations=13 (full 3):
 PSYoungGen      total 149504K, used 0K [0x00000000f5580000, 0x0000000100000000, 0x0000000100000000)
  eden space 126464K, 0% used [0x00000000f5580000,0x00000000f5580000,0x00000000fd100000)
  from space 23040K, 0% used [0x00000000fe980000,0x00000000fe980000,0x0000000100000000)
  to   space 24064K, 0% used [0x00000000fd100000,0x00000000fd100000,0x00000000fe880000)
 ParOldGen       total 245760K, used 37315K [0x00000000e0000000, 0x00000000ef000000, 0x00000000f5580000)
  object space 245760K, 15% used [0x00000000e0000000,0x00000000e2470ee0,0x00000000ef000000)
 Metaspace       used 56739K, capacity 59046K, committed 59160K, reserved 1099776K
  class space    used 7913K, capacity 8500K, committed 8576K, reserved 1048576K
}

