# JRE version: Java(TM) SE Runtime Environment (8.0_191-b12) (build 1.8.0_191-b12)
# Java VM: Java HotSpot(TM) 64-Bit Server VM (25.191-b12 mixed mode windows-amd64 compressed oops)
Heap:
 PSYoungGen      total 138240K, used 89646K [0x00000000f5580000, 0x00000000ffe00000, 0x0000000100000000)
  eden space 102912K, 74% used [0x00000000f5580000,0x00000000f9ffe330,0x00000000fba00000)
  from space 35328K, 37% used [0x00000000fba00000,0x00000000fc70d8c0,0x00000000fdc80000)
  to   space 34304K, 0% used [0x00000000fdc80000,0x00000000fdc80000,0x00000000ffe00000)
 ParOldGen       total 175104K, used 103358K [0x00000000e0000000, 0x00000000eab00000, 0x00000000f5580000)
  object space 175104K, 59% used [0x00000000e0000000,0x00000000e64efa68,0x00000000eab00000)
 Metaspace       used 85999K, capacity 90398K, committed 90624K, reserved 1128448K
  class space    used 11318K, capacity 12244K, committed 12288K, reserved 1048576K
GC Heap History (10 events):
Event: 179.472 GC heap before
{Heap before GC invocations=20 (full 3):
 PSYoungGen      total 131072K, used 131042K [0x00000000f5580000, 0x0000000100000000, 0x0000000100000000)
  eden space 108032K, 100% used [0x00000000f5580000,0x00000000fbf00000,0x00000000fbf00000)
  from space 23040K, 99% used [0x00000000fe980000,0x00000000ffff8950,0x0000000100000000)
  to   space 33280K, 0% used [0x00000000fbf00000,0x00000000fbf00000,0x00000000fdf80000)
 ParOldGen       total 175104K, used 53219K [0x00000000e0000000, 0x00000000eab00000, 0x00000000f5580000)
  object space 175104K, 30% used [0x00000000e0000000,0x00000000e33f8db8,0x00000000eab00000)
 Metaspace       used 72115K, capacity 75748K, committed 75904K, reserved 1114112K
  class space    used 9986K, capacity 10777K, committed 10880K, reserved 1048576K
Event: 179.516 GC heap after
Heap after GC invocations=20 (full 3):
 PSYoungGen      total 135168K, used 26815K [0x00000000f5580000, 0x0000000100000000, 0x0000000100000000)
  eden space 108032K, 0% used [0x00000000f5580000,0x00000000f5580000,0x00000000fbf00000)
  from space 27136K, 98% used [0x00000000fbf00000,0x00000000fd92ff48,0x00000000fd980000)
  to   space 35840K, 0% used [0x00000000fdd00000,0x00000000fdd00000,0x0000000100000000)
 ParOldGen       total 175104K, used 56612K [0x00000000e0000000, 0x00000000eab00000, 0x00000000f5580000)
  object space 175104K, 32% used [0x00000000e0000000,0x00000000e37492a8,0x00000000eab00000)
 Metaspace       used 72115K, capacity 75748K, committed 75904K, reserved 1114112K
  class space    used 9986K, capacity 10777K, committed 10880K, reserved 1048576K
}
Event: 6620.969 GC heap before
{Heap before GC invocations=21 (full 3):
 PSYoungGen      total 135168K, used 134847K [0x00000000f5580000, 0x0000000100000000, 0x0000000100000000)
  eden space 108032K, 100% used [0x00000000f5580000,0x00000000fbf00000,0x00000000fbf00000)
  from space 27136K, 98% used [0x00000000fbf00000,0x00000000fd92ff48,0x00000000fd980000)
  to   space 35840K, 0% used [0x00000000fdd00000,0x00000000fdd00000,0x0000000100000000)
 ParOldGen       total 175104K, used 56612K [0x00000000e0000000, 0x00000000eab00000, 0x00000000f5580000)
  object space 175104K, 32% used [0x00000000e0000000,0x00000000e37492a8,0x00000000eab00000)
 Metaspace       used 75919K, capacity 79788K, committed 80000K, reserved 1118208K
  class space    used 10239K, capacity 11061K, committed 11136K, reserved 1048576K
Event: 6621.252 GC heap after
Heap after GC invocations=21 (full 3):
 PSYoungGen      total 138752K, used 21796K [0x00000000f5580000, 0x0000000100000000, 0x0000000100000000)
  eden space 102912K, 0% used [0x00000000f5580000,0x00000000f5580000,0x00000000fba00000)
  from space 35840K, 60% used [0x00000000fdd00000,0x00000000ff249388,0x0000000100000000)
  to   space 35840K, 0% used [0x00000000fba00000,0x00000000fba00000,0x00000000fdd00000)
 ParOldGen       total 175104K, used 69434K [0x00000000e0000000, 0x00000000eab00000, 0x00000000f5580000)
  object space 175104K, 39% used [0x00000000e0000000,0x00000000e43ce860,0x00000000eab00000)
 Metaspace       used 75919K, capacity 79788K, committed 80000K, reserved 1118208K
  class space    used 10239K, capacity 11061K, committed 11136K, reserved 1048576K
}
Event: 6626.708 GC heap before
{Heap before GC invocations=22 (full 3):
 PSYoungGen      total 138752K, used 124708K [0x00000000f5580000, 0x0000000100000000, 0x0000000100000000)
  eden space 102912K, 100% used [0x00000000f5580000,0x00000000fba00000,0x00000000fba00000)
  from space 35840K, 60% used [0x00000000fdd00000,0x00000000ff249388,0x0000000100000000)
  to   space 35840K, 0% used [0x00000000fba00000,0x00000000fba00000,0x00000000fdd00000)
 ParOldGen       total 175104K, used 69434K [0x00000000e0000000, 0x00000000eab00000, 0x00000000f5580000)
  object space 175104K, 39% used [0x00000000e0000000,0x00000000e43ce860,0x00000000eab00000)
 Metaspace       used 76314K, capacity 80384K, committed 80512K, reserved 1118208K
  class space    used 10264K, capacity 11105K, committed 11136K, reserved 1048576K
Event: 6626.774 GC heap after
Heap after GC invocations=22 (full 3):
 PSYoungGen      total 124416K, used 21120K [0x00000000f5580000, 0x00000000fff00000, 0x0000000100000000)
  eden space 102912K, 0% used [0x00000000f5580000,0x00000000f5580000,0x00000000fba00000)
  from space 21504K, 98% used [0x00000000fba00000,0x00000000fcea0270,0x00000000fcf00000)
  to   space 35328K, 0% used [0x00000000fdc80000,0x00000000fdc80000,0x00000000fff00000)
 ParOldGen       total 175104K, used 80454K [0x00000000e0000000, 0x00000000eab00000, 0x00000000f5580000)
  object space 175104K, 45% used [0x00000000e0000000,0x00000000e4e91908,0x00000000eab00000)
 Metaspace       used 76314K, capacity 80384K, committed 80512K, reserved 1118208K
  class space    used 10264K, capacity 11105K, committed 11136K, reserved 1048576K
}
Event: 6632.735 GC heap before
{Heap before GC invocations=23 (full 3):
 PSYoungGen      total 124416K, used 123831K [0x00000000f5580000, 0x00000000fff00000, 0x0000000100000000)
  eden space 102912K, 99% used [0x00000000f5580000,0x00000000fb9cdc80,0x00000000fba00000)
  from space 21504K, 98% used [0x00000000fba00000,0x00000000fcea0270,0x00000000fcf00000)
  to   space 35328K, 0% used [0x00000000fdc80000,0x00000000fdc80000,0x00000000fff00000)
 ParOldGen       total 175104K, used 80454K [0x00000000e0000000, 0x00000000eab00000, 0x00000000f5580000)
  object space 175104K, 45% used [0x00000000e0000000,0x00000000e4e91908,0x00000000eab00000)
 Metaspace       used 82839K, capacity 87202K, committed 87296K, reserved 1124352K
  class space    used 11107K, capacity 11990K, committed 12032K, reserved 1048576K
Event: 6632.782 GC heap after
Heap after GC invocations=23 (full 3):
 PSYoungGen      total 138240K, used 5810K [0x00000000f5580000, 0x0000000100000000, 0x0000000100000000)
  eden space 102912K, 0% used [0x00000000f5580000,0x00000000f5580000,0x00000000fba00000)
  from space 35328K, 16% used [0x00000000fdc80000,0x00000000fe22c980,0x00000000fff00000)
  to   space 35328K, 0% used [0x00000000fba00000,0x00000000fba00000,0x00000000fdc80000)
 ParOldGen       total 175104K, used 101029K [0x00000000e0000000, 0x00000000eab00000, 0x00000000f5580000)
  object space 175104K, 57% used [0x00000000e0000000,0x00000000e62a9678,0x00000000eab00000)
 Metaspace       used 82839K, capacity 87202K, committed 87296K, reserved 1124352K
  class space    used 11107K, capacity 11990K, committed 12032K, reserved 1048576K
}
Event: 6638.655 GC heap before
{Heap before GC invocations=24 (full 3):
 PSYoungGen      total 138240K, used 108722K [0x00000000f5580000, 0x0000000100000000, 0x0000000100000000)
  eden space 102912K, 100% used [0x00000000f5580000,0x00000000fba00000,0x00000000fba00000)
  from space 35328K, 16% used [0x00000000fdc80000,0x00000000fe22c980,0x00000000fff00000)
  to   space 35328K, 0% used [0x00000000fba00000,0x00000000fba00000,0x00000000fdc80000)
 ParOldGen       total 175104K, used 101029K [0x00000000e0000000, 0x00000000eab00000, 0x00000000f5580000)
  object space 175104K, 57% used [0x00000000e0000000,0x00000000e62a9678,0x00000000eab00000)
 Metaspace       used 85603K, capacity 89996K, committed 90112K, reserved 1126400K
  class space    used 11311K, capacity 12231K, committed 12288K, reserved 1048576K
Event: 6638.701 GC heap after
Heap after GC invocations=24 (full 3):
 PSYoungGen      total 138240K, used 13366K [0x00000000f5580000, 0x00000000ffe00000, 0x0000000100000000)
  eden space 102912K, 0% used [0x00000000f5580000,0x00000000f5580000,0x00000000fba00000)
  from space 35328K, 37% used [0x00000000fba00000,0x00000000fc70d8c0,0x00000000fdc80000)
  to   space 34304K, 0% used [0x00000000fdc80000,0x00000000fdc80000,0x00000000ffe00000)
 ParOldGen       total 175104K, used 103358K [0x00000000e0000000, 0x00000000eab00000, 0x00000000f5580000)
  object space 175104K, 59% used [0x00000000e0000000,0x00000000e64efa68,0x00000000eab00000)
 Metaspace       used 85603K, capacity 89996K, committed 90112K, reserved 1126400K
  class space    used 11311K, capacity 12231K, committed 12288K, reserved 1048576K
}

