# JRE version: Java(TM) SE Runtime Environment (8.0_191-b12) (build 1.8.0_191-b12)
# Java VM: Java HotSpot(TM) 64-Bit Server VM (25.191-b12 mixed mode windows-amd64 compressed oops)
Heap:
 PSYoungGen      total 149504K, used 37179K [0x00000000f5580000, 0x0000000100000000, 0x0000000100000000)
  eden space 131584K, 28% used [0x00000000f5580000,0x00000000f79ced38,0x00000000fd600000)
  from space 17920K, 0% used [0x00000000fd600000,0x00000000fd600000,0x00000000fe780000)
  to   space 22016K, 0% used [0x00000000fea80000,0x00000000fea80000,0x0000000100000000)
 ParOldGen       total 262144K, used 36262K [0x00000000e0000000, 0x00000000f0000000, 0x00000000f5580000)
  object space 262144K, 13% used [0x00000000e0000000,0x00000000e23698a0,0x00000000f0000000)
 Metaspace       used 58456K, capacity 60636K, committed 60800K, reserved 1101824K
  class space    used 7930K, capacity 8483K, committed 8576K, reserved 1048576K
GC Heap History (10 events):
Event: 16.419 GC heap before
{Heap before GC invocations=8 (full 2):
 PSYoungGen      total 105984K, used 11091K [0x00000000f5580000, 0x00000000fd000000, 0x0000000100000000)
  eden space 92160K, 0% used [0x00000000f5580000,0x00000000f5580000,0x00000000faf80000)
  from space 13824K, 80% used [0x00000000fbd80000,0x00000000fc854fc0,0x00000000fcb00000)
  to   space 14336K, 0% used [0x00000000faf80000,0x00000000faf80000,0x00000000fbd80000)
 ParOldGen       total 175104K, used 12211K [0x00000000e0000000, 0x00000000eab00000, 0x00000000f5580000)
  object space 175104K, 6% used [0x00000000e0000000,0x00000000e0bece70,0x00000000eab00000)
 Metaspace       used 34583K, capacity 35446K, committed 35496K, reserved 1079296K
  class space    used 4855K, capacity 5112K, committed 5120K, reserved 1048576K
Event: 16.545 GC heap after
Heap after GC invocations=8 (full 2):
 PSYoungGen      total 105984K, used 0K [0x00000000f5580000, 0x00000000fd000000, 0x0000000100000000)
  eden space 92160K, 0% used [0x00000000f5580000,0x00000000f5580000,0x00000000faf80000)
  from space 13824K, 0% used [0x00000000fbd80000,0x00000000fbd80000,0x00000000fcb00000)
  to   space 14336K, 0% used [0x00000000faf80000,0x00000000faf80000,0x00000000fbd80000)
 ParOldGen       total 188928K, used 17778K [0x00000000e0000000, 0x00000000eb880000, 0x00000000f5580000)
  object space 188928K, 9% used [0x00000000e0000000,0x00000000e115c838,0x00000000eb880000)
 Metaspace       used 34583K, capacity 35446K, committed 35496K, reserved 1079296K
  class space    used 4855K, capacity 5112K, committed 5120K, reserved 1048576K
}
Event: 18.468 GC heap before
{Heap before GC invocations=9 (full 2):
 PSYoungGen      total 105984K, used 92160K [0x00000000f5580000, 0x00000000fd000000, 0x0000000100000000)
  eden space 92160K, 100% used [0x00000000f5580000,0x00000000faf80000,0x00000000faf80000)
  from space 13824K, 0% used [0x00000000fbd80000,0x00000000fbd80000,0x00000000fcb00000)
  to   space 14336K, 0% used [0x00000000faf80000,0x00000000faf80000,0x00000000fbd80000)
 ParOldGen       total 188928K, used 17778K [0x00000000e0000000, 0x00000000eb880000, 0x00000000f5580000)
  object space 188928K, 9% used [0x00000000e0000000,0x00000000e115c838,0x00000000eb880000)
 Metaspace       used 43030K, capacity 44274K, committed 44544K, reserved 1087488K
  class space    used 5938K, capacity 6280K, committed 6400K, reserved 1048576K
Event: 18.488 GC heap after
Heap after GC invocations=9 (full 2):
 PSYoungGen      total 106496K, used 14314K [0x00000000f5580000, 0x00000000ff700000, 0x0000000100000000)
  eden space 92160K, 0% used [0x00000000f5580000,0x00000000f5580000,0x00000000faf80000)
  from space 14336K, 99% used [0x00000000faf80000,0x00000000fbd7abf0,0x00000000fbd80000)
  to   space 15872K, 0% used [0x00000000fe780000,0x00000000fe780000,0x00000000ff700000)
 ParOldGen       total 188928K, used 17965K [0x00000000e0000000, 0x00000000eb880000, 0x00000000f5580000)
  object space 188928K, 9% used [0x00000000e0000000,0x00000000e118b570,0x00000000eb880000)
 Metaspace       used 43030K, capacity 44274K, committed 44544K, reserved 1087488K
  class space    used 5938K, capacity 6280K, committed 6400K, reserved 1048576K
}
Event: 20.738 GC heap before
{Heap before GC invocations=10 (full 2):
 PSYoungGen      total 106496K, used 106474K [0x00000000f5580000, 0x00000000ff700000, 0x0000000100000000)
  eden space 92160K, 100% used [0x00000000f5580000,0x00000000faf80000,0x00000000faf80000)
  from space 14336K, 99% used [0x00000000faf80000,0x00000000fbd7abf0,0x00000000fbd80000)
  to   space 15872K, 0% used [0x00000000fe780000,0x00000000fe780000,0x00000000ff700000)
 ParOldGen       total 188928K, used 17965K [0x00000000e0000000, 0x00000000eb880000, 0x00000000f5580000)
  object space 188928K, 9% used [0x00000000e0000000,0x00000000e118b570,0x00000000eb880000)
 Metaspace       used 47525K, capacity 49012K, committed 49280K, reserved 1091584K
  class space    used 6567K, capacity 6984K, committed 7040K, reserved 1048576K
Event: 20.771 GC heap after
Heap after GC invocations=10 (full 2):
 PSYoungGen      total 147456K, used 15871K [0x00000000f5580000, 0x00000000ffd00000, 0x0000000100000000)
  eden space 131584K, 0% used [0x00000000f5580000,0x00000000f5580000,0x00000000fd600000)
  from space 15872K, 99% used [0x00000000fe780000,0x00000000ff6ffd48,0x00000000ff700000)
  to   space 17920K, 0% used [0x00000000fd600000,0x00000000fd600000,0x00000000fe780000)
 ParOldGen       total 188928K, used 17995K [0x00000000e0000000, 0x00000000eb880000, 0x00000000f5580000)
  object space 188928K, 9% used [0x00000000e0000000,0x00000000e1192d40,0x00000000eb880000)
 Metaspace       used 47525K, capacity 49012K, committed 49280K, reserved 1091584K
  class space    used 6567K, capacity 6984K, committed 7040K, reserved 1048576K
}
Event: 206.332 GC heap before
{Heap before GC invocations=11 (full 2):
 PSYoungGen      total 147456K, used 126315K [0x00000000f5580000, 0x00000000ffd00000, 0x0000000100000000)
  eden space 131584K, 83% used [0x00000000f5580000,0x00000000fc15afe8,0x00000000fd600000)
  from space 15872K, 99% used [0x00000000fe780000,0x00000000ff6ffd48,0x00000000ff700000)
  to   space 17920K, 0% used [0x00000000fd600000,0x00000000fd600000,0x00000000fe780000)
 ParOldGen       total 188928K, used 17995K [0x00000000e0000000, 0x00000000eb880000, 0x00000000f5580000)
  object space 188928K, 9% used [0x00000000e0000000,0x00000000e1192d40,0x00000000eb880000)
 Metaspace       used 57052K, capacity 58954K, committed 59136K, reserved 1099776K
  class space    used 7681K, capacity 8165K, committed 8192K, reserved 1048576K
Event: 206.359 GC heap after
Heap after GC invocations=11 (full 2):
 PSYoungGen      total 149504K, used 17910K [0x00000000f5580000, 0x0000000100000000, 0x0000000100000000)
  eden space 131584K, 0% used [0x00000000f5580000,0x00000000f5580000,0x00000000fd600000)
  from space 17920K, 99% used [0x00000000fd600000,0x00000000fe77da40,0x00000000fe780000)
  to   space 22016K, 0% used [0x00000000fea80000,0x00000000fea80000,0x0000000100000000)
 ParOldGen       total 188928K, used 23595K [0x00000000e0000000, 0x00000000eb880000, 0x00000000f5580000)
  object space 188928K, 12% used [0x00000000e0000000,0x00000000e170ae68,0x00000000eb880000)
 Metaspace       used 57052K, capacity 58954K, committed 59136K, reserved 1099776K
  class space    used 7681K, capacity 8165K, committed 8192K, reserved 1048576K
}
Event: 206.359 GC heap before
{Heap before GC invocations=12 (full 3):
 PSYoungGen      total 149504K, used 17910K [0x00000000f5580000, 0x0000000100000000, 0x0000000100000000)
  eden space 131584K, 0% used [0x00000000f5580000,0x00000000f5580000,0x00000000fd600000)
  from space 17920K, 99% used [0x00000000fd600000,0x00000000fe77da40,0x00000000fe780000)
  to   space 22016K, 0% used [0x00000000fea80000,0x00000000fea80000,0x0000000100000000)
 ParOldGen       total 188928K, used 23595K [0x00000000e0000000, 0x00000000eb880000, 0x00000000f5580000)
  object space 188928K, 12% used [0x00000000e0000000,0x00000000e170ae68,0x00000000eb880000)
 Metaspace       used 57052K, capacity 58954K, committed 59136K, reserved 1099776K
  class space    used 7681K, capacity 8165K, committed 8192K, reserved 1048576K
Event: 206.613 GC heap after
Heap after GC invocations=12 (full 3):
 PSYoungGen      total 149504K, used 0K [0x00000000f5580000, 0x0000000100000000, 0x0000000100000000)
  eden space 131584K, 0% used [0x00000000f5580000,0x00000000f5580000,0x00000000fd600000)
  from space 17920K, 0% used [0x00000000fd600000,0x00000000fd600000,0x00000000fe780000)
  to   space 22016K, 0% used [0x00000000fea80000,0x00000000fea80000,0x0000000100000000)
 ParOldGen       total 262144K, used 36262K [0x00000000e0000000, 0x00000000f0000000, 0x00000000f5580000)
  object space 262144K, 13% used [0x00000000e0000000,0x00000000e23698a0,0x00000000f0000000)
 Metaspace       used 57050K, capacity 58948K, committed 59136K, reserved 1099776K
  class space    used 7681K, capacity 8164K, committed 8192K, reserved 1048576K
}

