# JRE version: Java(TM) SE Runtime Environment (8.0_191-b12) (build 1.8.0_191-b12)
# Java VM: Java HotSpot(TM) 64-Bit Server VM (25.191-b12 mixed mode windows-amd64 compressed oops)
Heap:
 PSYoungGen      total 148992K, used 83507K [0x00000000f5580000, 0x0000000100000000, 0x0000000100000000)
  eden space 125440K, 51% used [0x00000000f5580000,0x00000000f94efbc0,0x00000000fd000000)
  from space 23552K, 78% used [0x00000000fe900000,0x00000000ffb1d090,0x0000000100000000)
  to   space 24576K, 0% used [0x00000000fd000000,0x00000000fd000000,0x00000000fe800000)
 ParOldGen       total 175104K, used 47856K [0x00000000e0000000, 0x00000000eab00000, 0x00000000f5580000)
  object space 175104K, 27% used [0x00000000e0000000,0x00000000e2ebc2d8,0x00000000eab00000)
 Metaspace       used 66207K, capacity 69744K, committed 70016K, reserved 1110016K
  class space    used 9262K, capacity 10057K, committed 10112K, reserved 1048576K
GC Heap History (10 events):
Event: 73.914 GC heap before
{Heap before GC invocations=11 (full 2):
 PSYoungGen      total 156160K, used 156151K [0x00000000f5580000, 0x0000000100000000, 0x0000000100000000)
  eden space 141824K, 100% used [0x00000000f5580000,0x00000000fe000000,0x00000000fe000000)
  from space 14336K, 99% used [0x00000000ff200000,0x00000000ffffdf40,0x0000000100000000)
  to   space 16384K, 0% used [0x00000000fe000000,0x00000000fe000000,0x00000000ff000000)
 ParOldGen       total 175104K, used 19462K [0x00000000e0000000, 0x00000000eab00000, 0x00000000f5580000)
  object space 175104K, 11% used [0x00000000e0000000,0x00000000e1301b70,0x00000000eab00000)
 Metaspace       used 54001K, capacity 55986K, committed 56192K, reserved 1097728K
  class space    used 7543K, capacity 8062K, committed 8064K, reserved 1048576K
Event: 73.946 GC heap after
Heap after GC invocations=11 (full 2):
 PSYoungGen      total 158208K, used 16369K [0x00000000f5580000, 0x0000000100000000, 0x0000000100000000)
  eden space 141824K, 0% used [0x00000000f5580000,0x00000000f5580000,0x00000000fe000000)
  from space 16384K, 99% used [0x00000000fe000000,0x00000000feffc4d0,0x00000000ff000000)
  to   space 16384K, 0% used [0x00000000ff000000,0x00000000ff000000,0x0000000100000000)
 ParOldGen       total 175104K, used 25144K [0x00000000e0000000, 0x00000000eab00000, 0x00000000f5580000)
  object space 175104K, 14% used [0x00000000e0000000,0x00000000e188e390,0x00000000eab00000)
 Metaspace       used 54001K, capacity 55986K, committed 56192K, reserved 1097728K
  class space    used 7543K, capacity 8062K, committed 8064K, reserved 1048576K
}
Event: 78.673 GC heap before
{Heap before GC invocations=12 (full 2):
 PSYoungGen      total 158208K, used 74377K [0x00000000f5580000, 0x0000000100000000, 0x0000000100000000)
  eden space 141824K, 40% used [0x00000000f5580000,0x00000000f8e26200,0x00000000fe000000)
  from space 16384K, 99% used [0x00000000fe000000,0x00000000feffc4d0,0x00000000ff000000)
  to   space 16384K, 0% used [0x00000000ff000000,0x00000000ff000000,0x0000000100000000)
 ParOldGen       total 175104K, used 25144K [0x00000000e0000000, 0x00000000eab00000, 0x00000000f5580000)
  object space 175104K, 14% used [0x00000000e0000000,0x00000000e188e390,0x00000000eab00000)
 Metaspace       used 56720K, capacity 59070K, committed 59160K, reserved 1099776K
  class space    used 7909K, capacity 8515K, committed 8576K, reserved 1048576K
Event: 78.701 GC heap after
Heap after GC invocations=12 (full 2):
 PSYoungGen      total 141824K, used 16370K [0x00000000f5580000, 0x0000000100000000, 0x0000000100000000)
  eden space 125440K, 0% used [0x00000000f5580000,0x00000000f5580000,0x00000000fd000000)
  from space 16384K, 99% used [0x00000000ff000000,0x00000000ffffc850,0x0000000100000000)
  to   space 24576K, 0% used [0x00000000fd000000,0x00000000fd000000,0x00000000fe800000)
 ParOldGen       total 175104K, used 33102K [0x00000000e0000000, 0x00000000eab00000, 0x00000000f5580000)
  object space 175104K, 18% used [0x00000000e0000000,0x00000000e2053838,0x00000000eab00000)
 Metaspace       used 56720K, capacity 59070K, committed 59160K, reserved 1099776K
  class space    used 7909K, capacity 8515K, committed 8576K, reserved 1048576K
}
Event: 78.701 GC heap before
{Heap before GC invocations=13 (full 3):
 PSYoungGen      total 141824K, used 16370K [0x00000000f5580000, 0x0000000100000000, 0x0000000100000000)
  eden space 125440K, 0% used [0x00000000f5580000,0x00000000f5580000,0x00000000fd000000)
  from space 16384K, 99% used [0x00000000ff000000,0x00000000ffffc850,0x0000000100000000)
  to   space 24576K, 0% used [0x00000000fd000000,0x00000000fd000000,0x00000000fe800000)
 ParOldGen       total 175104K, used 33102K [0x00000000e0000000, 0x00000000eab00000, 0x00000000f5580000)
  object space 175104K, 18% used [0x00000000e0000000,0x00000000e2053838,0x00000000eab00000)
 Metaspace       used 56720K, capacity 59070K, committed 59160K, reserved 1099776K
  class space    used 7909K, capacity 8515K, committed 8576K, reserved 1048576K
Event: 79.028 GC heap after
Heap after GC invocations=13 (full 3):
 PSYoungGen      total 141824K, used 0K [0x00000000f5580000, 0x0000000100000000, 0x0000000100000000)
  eden space 125440K, 0% used [0x00000000f5580000,0x00000000f5580000,0x00000000fd000000)
  from space 16384K, 0% used [0x00000000ff000000,0x00000000ff000000,0x0000000100000000)
  to   space 24576K, 0% used [0x00000000fd000000,0x00000000fd000000,0x00000000fe800000)
 ParOldGen       total 175104K, used 38783K [0x00000000e0000000, 0x00000000eab00000, 0x00000000f5580000)
  object space 175104K, 22% used [0x00000000e0000000,0x00000000e25dfdc8,0x00000000eab00000)
 Metaspace       used 56706K, capacity 59022K, committed 59160K, reserved 1099776K
  class space    used 7904K, capacity 8507K, committed 8576K, reserved 1048576K
}
Event: 92.046 GC heap before
{Heap before GC invocations=14 (full 3):
 PSYoungGen      total 141824K, used 125440K [0x00000000f5580000, 0x0000000100000000, 0x0000000100000000)
  eden space 125440K, 100% used [0x00000000f5580000,0x00000000fd000000,0x00000000fd000000)
  from space 16384K, 0% used [0x00000000ff000000,0x00000000ff000000,0x0000000100000000)
  to   space 24576K, 0% used [0x00000000fd000000,0x00000000fd000000,0x00000000fe800000)
 ParOldGen       total 175104K, used 38783K [0x00000000e0000000, 0x00000000eab00000, 0x00000000f5580000)
  object space 175104K, 22% used [0x00000000e0000000,0x00000000e25dfdc8,0x00000000eab00000)
 Metaspace       used 61468K, capacity 64258K, committed 64384K, reserved 1103872K
  class space    used 8628K, capacity 9308K, committed 9344K, reserved 1048576K
Event: 92.066 GC heap after
Heap after GC invocations=14 (full 3):
 PSYoungGen      total 150016K, used 12834K [0x00000000f5580000, 0x0000000100000000, 0x0000000100000000)
  eden space 125440K, 0% used [0x00000000f5580000,0x00000000f5580000,0x00000000fd000000)
  from space 24576K, 52% used [0x00000000fd000000,0x00000000fdc888c0,0x00000000fe800000)
  to   space 23552K, 0% used [0x00000000fe900000,0x00000000fe900000,0x0000000100000000)
 ParOldGen       total 175104K, used 38791K [0x00000000e0000000, 0x00000000eab00000, 0x00000000f5580000)
  object space 175104K, 22% used [0x00000000e0000000,0x00000000e25e1dc8,0x00000000eab00000)
 Metaspace       used 61468K, capacity 64258K, committed 64384K, reserved 1103872K
  class space    used 8628K, capacity 9308K, committed 9344K, reserved 1048576K
}
Event: 101.464 GC heap before
{Heap before GC invocations=15 (full 3):
 PSYoungGen      total 150016K, used 138274K [0x00000000f5580000, 0x0000000100000000, 0x0000000100000000)
  eden space 125440K, 100% used [0x00000000f5580000,0x00000000fd000000,0x00000000fd000000)
  from space 24576K, 52% used [0x00000000fd000000,0x00000000fdc888c0,0x00000000fe800000)
  to   space 23552K, 0% used [0x00000000fe900000,0x00000000fe900000,0x0000000100000000)
 ParOldGen       total 175104K, used 38791K [0x00000000e0000000, 0x00000000eab00000, 0x00000000f5580000)
  object space 175104K, 22% used [0x00000000e0000000,0x00000000e25e1dc8,0x00000000eab00000)
 Metaspace       used 65305K, capacity 68792K, committed 68864K, reserved 1107968K
  class space    used 9147K, capacity 9955K, committed 9984K, reserved 1048576K
Event: 101.499 GC heap after
Heap after GC invocations=15 (full 3):
 PSYoungGen      total 148992K, used 18548K [0x00000000f5580000, 0x0000000100000000, 0x0000000100000000)
  eden space 125440K, 0% used [0x00000000f5580000,0x00000000f5580000,0x00000000fd000000)
  from space 23552K, 78% used [0x00000000fe900000,0x00000000ffb1d090,0x0000000100000000)
  to   space 24576K, 0% used [0x00000000fd000000,0x00000000fd000000,0x00000000fe800000)
 ParOldGen       total 175104K, used 47856K [0x00000000e0000000, 0x00000000eab00000, 0x00000000f5580000)
  object space 175104K, 27% used [0x00000000e0000000,0x00000000e2ebc2d8,0x00000000eab00000)
 Metaspace       used 65305K, capacity 68792K, committed 68864K, reserved 1107968K
  class space    used 9147K, capacity 9955K, committed 9984K, reserved 1048576K
}

