# JRE version: Java(TM) SE Runtime Environment (8.0_191-b12) (build 1.8.0_191-b12)
# Java VM: Java HotSpot(TM) 64-Bit Server VM (25.191-b12 mixed mode windows-amd64 compressed oops)
Heap:
 PSYoungGen      total 76288K, used 22370K [0x00000000f5580000, 0x00000000fcc80000, 0x0000000100000000)
  eden space 65536K, 18% used [0x00000000f5580000,0x00000000f61849f8,0x00000000f9580000)
  from space 10752K, 93% used [0x00000000f9580000,0x00000000f9f540a8,0x00000000fa000000)
  to   space 13312K, 0% used [0x00000000fbf80000,0x00000000fbf80000,0x00000000fcc80000)
 ParOldGen       total 175104K, used 11954K [0x00000000e0000000, 0x00000000eab00000, 0x00000000f5580000)
  object space 175104K, 6% used [0x00000000e0000000,0x00000000e0bac950,0x00000000eab00000)
 Metaspace       used 31966K, capacity 32622K, committed 33024K, reserved 1077248K
  class space    used 4485K, capacity 4748K, committed 4864K, reserved 1048576K
GC Heap History (10 events):
Event: 2.844 GC heap before
{Heap before GC invocations=2 (full 0):
 PSYoungGen      total 76288K, used 71200K [0x00000000f5580000, 0x00000000faa80000, 0x0000000100000000)
  eden space 65536K, 100% used [0x00000000f5580000,0x00000000f9580000,0x00000000f9580000)
  from space 10752K, 52% used [0x00000000f9580000,0x00000000f9b08080,0x00000000fa000000)
  to   space 10752K, 0% used [0x00000000fa000000,0x00000000fa000000,0x00000000faa80000)
 ParOldGen       total 175104K, used 16K [0x00000000e0000000, 0x00000000eab00000, 0x00000000f5580000)
  object space 175104K, 0% used [0x00000000e0000000,0x00000000e0004000,0x00000000eab00000)
 Metaspace       used 14266K, capacity 14502K, committed 14720K, reserved 1062912K
  class space    used 2032K, capacity 2133K, committed 2176K, reserved 1048576K
Event: 2.854 GC heap after
Heap after GC invocations=2 (full 0):
 PSYoungGen      total 76288K, used 9393K [0x00000000f5580000, 0x00000000faa80000, 0x0000000100000000)
  eden space 65536K, 0% used [0x00000000f5580000,0x00000000f5580000,0x00000000f9580000)
  from space 10752K, 87% used [0x00000000fa000000,0x00000000fa92c4d8,0x00000000faa80000)
  to   space 10752K, 0% used [0x00000000f9580000,0x00000000f9580000,0x00000000fa000000)
 ParOldGen       total 175104K, used 24K [0x00000000e0000000, 0x00000000eab00000, 0x00000000f5580000)
  object space 175104K, 0% used [0x00000000e0000000,0x00000000e0006000,0x00000000eab00000)
 Metaspace       used 14266K, capacity 14502K, committed 14720K, reserved 1062912K
  class space    used 2032K, capacity 2133K, committed 2176K, reserved 1048576K
}
Event: 4.563 GC heap before
{Heap before GC invocations=3 (full 0):
 PSYoungGen      total 76288K, used 73877K [0x00000000f5580000, 0x00000000faa80000, 0x0000000100000000)
  eden space 65536K, 98% used [0x00000000f5580000,0x00000000f9479100,0x00000000f9580000)
  from space 10752K, 87% used [0x00000000fa000000,0x00000000fa92c4d8,0x00000000faa80000)
  to   space 10752K, 0% used [0x00000000f9580000,0x00000000f9580000,0x00000000fa000000)
 ParOldGen       total 175104K, used 24K [0x00000000e0000000, 0x00000000eab00000, 0x00000000f5580000)
  object space 175104K, 0% used [0x00000000e0000000,0x00000000e0006000,0x00000000eab00000)
 Metaspace       used 20648K, capacity 21060K, committed 21296K, reserved 1067008K
  class space    used 3002K, capacity 3140K, committed 3200K, reserved 1048576K
Event: 4.586 GC heap after
Heap after GC invocations=3 (full 0):
 PSYoungGen      total 76288K, used 10742K [0x00000000f5580000, 0x00000000faa80000, 0x0000000100000000)
  eden space 65536K, 0% used [0x00000000f5580000,0x00000000f5580000,0x00000000f9580000)
  from space 10752K, 99% used [0x00000000f9580000,0x00000000f9ffdba8,0x00000000fa000000)
  to   space 10752K, 0% used [0x00000000fa000000,0x00000000fa000000,0x00000000faa80000)
 ParOldGen       total 175104K, used 1591K [0x00000000e0000000, 0x00000000eab00000, 0x00000000f5580000)
  object space 175104K, 0% used [0x00000000e0000000,0x00000000e018dd18,0x00000000eab00000)
 Metaspace       used 20648K, capacity 21060K, committed 21296K, reserved 1067008K
  class space    used 3002K, capacity 3140K, committed 3200K, reserved 1048576K
}
Event: 4.586 GC heap before
{Heap before GC invocations=4 (full 1):
 PSYoungGen      total 76288K, used 10742K [0x00000000f5580000, 0x00000000faa80000, 0x0000000100000000)
  eden space 65536K, 0% used [0x00000000f5580000,0x00000000f5580000,0x00000000f9580000)
  from space 10752K, 99% used [0x00000000f9580000,0x00000000f9ffdba8,0x00000000fa000000)
  to   space 10752K, 0% used [0x00000000fa000000,0x00000000fa000000,0x00000000faa80000)
 ParOldGen       total 175104K, used 1591K [0x00000000e0000000, 0x00000000eab00000, 0x00000000f5580000)
  object space 175104K, 0% used [0x00000000e0000000,0x00000000e018dd18,0x00000000eab00000)
 Metaspace       used 20648K, capacity 21060K, committed 21296K, reserved 1067008K
  class space    used 3002K, capacity 3140K, committed 3200K, reserved 1048576K
Event: 4.666 GC heap after
Heap after GC invocations=4 (full 1):
 PSYoungGen      total 76288K, used 0K [0x00000000f5580000, 0x00000000faa80000, 0x0000000100000000)
  eden space 65536K, 0% used [0x00000000f5580000,0x00000000f5580000,0x00000000f9580000)
  from space 10752K, 0% used [0x00000000f9580000,0x00000000f9580000,0x00000000fa000000)
  to   space 10752K, 0% used [0x00000000fa000000,0x00000000fa000000,0x00000000faa80000)
 ParOldGen       total 175104K, used 11938K [0x00000000e0000000, 0x00000000eab00000, 0x00000000f5580000)
  object space 175104K, 6% used [0x00000000e0000000,0x00000000e0ba8950,0x00000000eab00000)
 Metaspace       used 20648K, capacity 21060K, committed 21296K, reserved 1067008K
  class space    used 3002K, capacity 3140K, committed 3200K, reserved 1048576K
}
Event: 12.233 GC heap before
{Heap before GC invocations=5 (full 1):
 PSYoungGen      total 76288K, used 65536K [0x00000000f5580000, 0x00000000faa80000, 0x0000000100000000)
  eden space 65536K, 100% used [0x00000000f5580000,0x00000000f9580000,0x00000000f9580000)
  from space 10752K, 0% used [0x00000000f9580000,0x00000000f9580000,0x00000000fa000000)
  to   space 10752K, 0% used [0x00000000fa000000,0x00000000fa000000,0x00000000faa80000)
 ParOldGen       total 175104K, used 11938K [0x00000000e0000000, 0x00000000eab00000, 0x00000000f5580000)
  object space 175104K, 6% used [0x00000000e0000000,0x00000000e0ba8950,0x00000000eab00000)
 Metaspace       used 27406K, capacity 28008K, committed 28416K, reserved 1073152K
  class space    used 3798K, capacity 4020K, committed 4096K, reserved 1048576K
Event: 12.250 GC heap after
Heap after GC invocations=5 (full 1):
 PSYoungGen      total 76288K, used 7799K [0x00000000f5580000, 0x00000000fbc80000, 0x0000000100000000)
  eden space 65536K, 0% used [0x00000000f5580000,0x00000000f5580000,0x00000000f9580000)
  from space 10752K, 72% used [0x00000000fa000000,0x00000000fa79dc08,0x00000000faa80000)
  to   space 10752K, 0% used [0x00000000f9580000,0x00000000f9580000,0x00000000fa000000)
 ParOldGen       total 175104K, used 11946K [0x00000000e0000000, 0x00000000eab00000, 0x00000000f5580000)
  object space 175104K, 6% used [0x00000000e0000000,0x00000000e0baa950,0x00000000eab00000)
 Metaspace       used 27406K, capacity 28008K, committed 28416K, reserved 1073152K
  class space    used 3798K, capacity 4020K, committed 4096K, reserved 1048576K
}
Event: 13.818 GC heap before
{Heap before GC invocations=6 (full 1):
 PSYoungGen      total 76288K, used 73335K [0x00000000f5580000, 0x00000000fbc80000, 0x0000000100000000)
  eden space 65536K, 100% used [0x00000000f5580000,0x00000000f9580000,0x00000000f9580000)
  from space 10752K, 72% used [0x00000000fa000000,0x00000000fa79dc08,0x00000000faa80000)
  to   space 10752K, 0% used [0x00000000f9580000,0x00000000f9580000,0x00000000fa000000)
 ParOldGen       total 175104K, used 11946K [0x00000000e0000000, 0x00000000eab00000, 0x00000000f5580000)
  object space 175104K, 6% used [0x00000000e0000000,0x00000000e0baa950,0x00000000eab00000)
 Metaspace       used 31208K, capacity 31886K, committed 32256K, reserved 1077248K
  class space    used 4352K, capacity 4588K, committed 4608K, reserved 1048576K
Event: 13.876 GC heap after
Heap after GC invocations=6 (full 1):
 PSYoungGen      total 76288K, used 10064K [0x00000000f5580000, 0x00000000fcc80000, 0x0000000100000000)
  eden space 65536K, 0% used [0x00000000f5580000,0x00000000f5580000,0x00000000f9580000)
  from space 10752K, 93% used [0x00000000f9580000,0x00000000f9f540a8,0x00000000fa000000)
  to   space 13312K, 0% used [0x00000000fbf80000,0x00000000fbf80000,0x00000000fcc80000)
 ParOldGen       total 175104K, used 11954K [0x00000000e0000000, 0x00000000eab00000, 0x00000000f5580000)
  object space 175104K, 6% used [0x00000000e0000000,0x00000000e0bac950,0x00000000eab00000)
 Metaspace       used 31208K, capacity 31886K, committed 32256K, reserved 1077248K
  class space    used 4352K, capacity 4588K, committed 4608K, reserved 1048576K
}

