# JRE version: Java(TM) SE Runtime Environment (8.0_191-b12) (build 1.8.0_191-b12)
# Java VM: Java HotSpot(TM) 64-Bit Server VM (25.191-b12 mixed mode windows-amd64 compressed oops)
Heap:
 PSYoungGen      total 146944K, used 16262K [0x00000000f5580000, 0x0000000100000000, 0x0000000100000000)
  eden space 126464K, 1% used [0x00000000f5580000,0x00000000f57eba88,0x00000000fd100000)
  from space 20480K, 67% used [0x00000000fec00000,0x00000000ff975ec0,0x0000000100000000)
  to   space 24064K, 0% used [0x00000000fd100000,0x00000000fd100000,0x00000000fe880000)
 ParOldGen       total 263680K, used 38619K [0x00000000e0000000, 0x00000000f0180000, 0x00000000f5580000)
  object space 263680K, 14% used [0x00000000e0000000,0x00000000e25b6db8,0x00000000f0180000)
 Metaspace       used 62156K, capacity 64794K, committed 65024K, reserved 1105920K
  class space    used 8721K, capacity 9370K, committed 9472K, reserved 1048576K
GC Heap History (10 events):
Event: 11.707 GC heap before
{Heap before GC invocations=9 (full 2):
 PSYoungGen      total 141824K, used 126976K [0x00000000f5580000, 0x0000000100000000, 0x0000000100000000)
  eden space 126976K, 100% used [0x00000000f5580000,0x00000000fd180000,0x00000000fd180000)
  from space 14848K, 0% used [0x00000000fdf80000,0x00000000fdf80000,0x00000000fee00000)
  to   space 14336K, 0% used [0x00000000fd180000,0x00000000fd180000,0x00000000fdf80000)
 ParOldGen       total 180736K, used 16873K [0x00000000e0000000, 0x00000000eb080000, 0x00000000f5580000)
  object space 180736K, 9% used [0x00000000e0000000,0x00000000e107a560,0x00000000eb080000)
 Metaspace       used 45761K, capacity 47060K, committed 47232K, reserved 1089536K
  class space    used 6285K, capacity 6661K, committed 6784K, reserved 1048576K
Event: 11.727 GC heap after
Heap after GC invocations=9 (full 2):
 PSYoungGen      total 141312K, used 14326K [0x00000000f5580000, 0x0000000100000000, 0x0000000100000000)
  eden space 126976K, 0% used [0x00000000f5580000,0x00000000f5580000,0x00000000fd180000)
  from space 14336K, 99% used [0x00000000fd180000,0x00000000fdf7d950,0x00000000fdf80000)
  to   space 16896K, 0% used [0x00000000fef80000,0x00000000fef80000,0x0000000100000000)
 ParOldGen       total 180736K, used 18470K [0x00000000e0000000, 0x00000000eb080000, 0x00000000f5580000)
  object space 180736K, 10% used [0x00000000e0000000,0x00000000e1209a00,0x00000000eb080000)
 Metaspace       used 45761K, capacity 47060K, committed 47232K, reserved 1089536K
  class space    used 6285K, capacity 6661K, committed 6784K, reserved 1048576K
}
Event: 16.509 GC heap before
{Heap before GC invocations=10 (full 2):
 PSYoungGen      total 141312K, used 141302K [0x00000000f5580000, 0x0000000100000000, 0x0000000100000000)
  eden space 126976K, 100% used [0x00000000f5580000,0x00000000fd180000,0x00000000fd180000)
  from space 14336K, 99% used [0x00000000fd180000,0x00000000fdf7d950,0x00000000fdf80000)
  to   space 16896K, 0% used [0x00000000fef80000,0x00000000fef80000,0x0000000100000000)
 ParOldGen       total 180736K, used 18470K [0x00000000e0000000, 0x00000000eb080000, 0x00000000f5580000)
  object space 180736K, 10% used [0x00000000e0000000,0x00000000e1209a00,0x00000000eb080000)
 Metaspace       used 53546K, capacity 55400K, committed 55680K, reserved 1097728K
  class space    used 7472K, capacity 7957K, committed 8064K, reserved 1048576K
Event: 16.539 GC heap after
Heap after GC invocations=10 (full 2):
 PSYoungGen      total 150528K, used 16875K [0x00000000f5580000, 0x0000000100000000, 0x0000000100000000)
  eden space 133632K, 0% used [0x00000000f5580000,0x00000000f5580000,0x00000000fd800000)
  from space 16896K, 99% used [0x00000000fef80000,0x00000000ffffaf48,0x0000000100000000)
  to   space 20480K, 0% used [0x00000000fd800000,0x00000000fd800000,0x00000000fec00000)
 ParOldGen       total 180736K, used 22280K [0x00000000e0000000, 0x00000000eb080000, 0x00000000f5580000)
  object space 180736K, 12% used [0x00000000e0000000,0x00000000e15c20f8,0x00000000eb080000)
 Metaspace       used 53546K, capacity 55400K, committed 55680K, reserved 1097728K
  class space    used 7472K, capacity 7957K, committed 8064K, reserved 1048576K
}
Event: 17.879 GC heap before
{Heap before GC invocations=11 (full 2):
 PSYoungGen      total 150528K, used 94228K [0x00000000f5580000, 0x0000000100000000, 0x0000000100000000)
  eden space 133632K, 57% used [0x00000000f5580000,0x00000000fa10a2b8,0x00000000fd800000)
  from space 16896K, 99% used [0x00000000fef80000,0x00000000ffffaf48,0x0000000100000000)
  to   space 20480K, 0% used [0x00000000fd800000,0x00000000fd800000,0x00000000fec00000)
 ParOldGen       total 180736K, used 22280K [0x00000000e0000000, 0x00000000eb080000, 0x00000000f5580000)
  object space 180736K, 12% used [0x00000000e0000000,0x00000000e15c20f8,0x00000000eb080000)
 Metaspace       used 56831K, capacity 59072K, committed 59160K, reserved 1099776K
  class space    used 7927K, capacity 8503K, committed 8576K, reserved 1048576K
Event: 17.929 GC heap after
Heap after GC invocations=11 (full 2):
 PSYoungGen      total 154112K, used 20449K [0x00000000f5580000, 0x0000000100000000, 0x0000000100000000)
  eden space 133632K, 0% used [0x00000000f5580000,0x00000000f5580000,0x00000000fd800000)
  from space 20480K, 99% used [0x00000000fd800000,0x00000000febf8550,0x00000000fec00000)
  to   space 20480K, 0% used [0x00000000fec00000,0x00000000fec00000,0x0000000100000000)
 ParOldGen       total 180736K, used 25974K [0x00000000e0000000, 0x00000000eb080000, 0x00000000f5580000)
  object space 180736K, 14% used [0x00000000e0000000,0x00000000e195da78,0x00000000eb080000)
 Metaspace       used 56831K, capacity 59072K, committed 59160K, reserved 1099776K
  class space    used 7927K, capacity 8503K, committed 8576K, reserved 1048576K
}
Event: 17.929 GC heap before
{Heap before GC invocations=12 (full 3):
 PSYoungGen      total 154112K, used 20449K [0x00000000f5580000, 0x0000000100000000, 0x0000000100000000)
  eden space 133632K, 0% used [0x00000000f5580000,0x00000000f5580000,0x00000000fd800000)
  from space 20480K, 99% used [0x00000000fd800000,0x00000000febf8550,0x00000000fec00000)
  to   space 20480K, 0% used [0x00000000fec00000,0x00000000fec00000,0x0000000100000000)
 ParOldGen       total 180736K, used 25974K [0x00000000e0000000, 0x00000000eb080000, 0x00000000f5580000)
  object space 180736K, 14% used [0x00000000e0000000,0x00000000e195da78,0x00000000eb080000)
 Metaspace       used 56831K, capacity 59072K, committed 59160K, reserved 1099776K
  class space    used 7927K, capacity 8503K, committed 8576K, reserved 1048576K
Event: 18.275 GC heap after
Heap after GC invocations=12 (full 3):
 PSYoungGen      total 154112K, used 0K [0x00000000f5580000, 0x0000000100000000, 0x0000000100000000)
  eden space 133632K, 0% used [0x00000000f5580000,0x00000000f5580000,0x00000000fd800000)
  from space 20480K, 0% used [0x00000000fd800000,0x00000000fd800000,0x00000000fec00000)
  to   space 20480K, 0% used [0x00000000fec00000,0x00000000fec00000,0x0000000100000000)
 ParOldGen       total 263680K, used 38619K [0x00000000e0000000, 0x00000000f0180000, 0x00000000f5580000)
  object space 263680K, 14% used [0x00000000e0000000,0x00000000e25b6db8,0x00000000f0180000)
 Metaspace       used 56826K, capacity 59054K, committed 59160K, reserved 1099776K
  class space    used 7925K, capacity 8500K, committed 8576K, reserved 1048576K
}
Event: 20.810 GC heap before
{Heap before GC invocations=13 (full 3):
 PSYoungGen      total 154112K, used 133632K [0x00000000f5580000, 0x0000000100000000, 0x0000000100000000)
  eden space 133632K, 100% used [0x00000000f5580000,0x00000000fd800000,0x00000000fd800000)
  from space 20480K, 0% used [0x00000000fd800000,0x00000000fd800000,0x00000000fec00000)
  to   space 20480K, 0% used [0x00000000fec00000,0x00000000fec00000,0x0000000100000000)
 ParOldGen       total 263680K, used 38619K [0x00000000e0000000, 0x00000000f0180000, 0x00000000f5580000)
  object space 263680K, 14% used [0x00000000e0000000,0x00000000e25b6db8,0x00000000f0180000)
 Metaspace       used 62040K, capacity 64730K, committed 65024K, reserved 1105920K
  class space    used 8713K, capacity 9370K, committed 9472K, reserved 1048576K
Event: 20.843 GC heap after
Heap after GC invocations=13 (full 3):
 PSYoungGen      total 146944K, used 13783K [0x00000000f5580000, 0x0000000100000000, 0x0000000100000000)
  eden space 126464K, 0% used [0x00000000f5580000,0x00000000f5580000,0x00000000fd100000)
  from space 20480K, 67% used [0x00000000fec00000,0x00000000ff975ec0,0x0000000100000000)
  to   space 24064K, 0% used [0x00000000fd100000,0x00000000fd100000,0x00000000fe880000)
 ParOldGen       total 263680K, used 38619K [0x00000000e0000000, 0x00000000f0180000, 0x00000000f5580000)
  object space 263680K, 14% used [0x00000000e0000000,0x00000000e25b6db8,0x00000000f0180000)
 Metaspace       used 62040K, capacity 64730K, committed 65024K, reserved 1105920K
  class space    used 8713K, capacity 9370K, committed 9472K, reserved 1048576K
}

